<?xml version="1.0" encoding="UTF-8"?>
<!-- Generated by org.testng.reporters.JUnitReportReporter -->
<testsuite hostname="DESKTOP-S6VGP32" failures="0" tests="1" name="CommitCode" time="97.037" errors="0" timestamp="02 Feb 2021 10:16:27 GMT" skipped="0">
  <testcase classname="CommitCode" name="test" time="97.037"/>
</testsuite> <!-- CommitCode -->
